<?xml version="1.0" encoding="utf-8"?><testsuites name="pytest tests"><testsuite name="pytest" errors="0" failures="0" skipped="0" tests="10" time="1.666" timestamp="2026-06-07T15:34:25.157057+00:00" hostname="agent-env-714d0ff5-a5e1-492b-b6d3-dcdd77efdaf7"><testcase classname="backend.tests.test_mir_api" name="test_health" time="0.312" /><testcase classname="backend.tests.test_mir_api" name="test_create_lead_valid" time="0.093" /><testcase classname="backend.tests.test_mir_api" name="test_create_lead_invalid_email" time="0.054" /><testcase classname="backend.tests.test_mir_api" name="test_create_lead_short_message" time="0.047" /><testcase classname="backend.tests.test_mir_api" name="test_admin_leads_no_auth" time="0.160" /><testcase classname="backend.tests.test_mir_api" name="test_admin_leads_wrong_token" time="0.173" /><testcase classname="backend.tests.test_mir_api" name="test_admin_login_wrong_password" time="0.047" /><testcase classname="backend.tests.test_mir_api" name="test_admin_login_correct_password" time="0.047" /><testcase classname="backend.tests.test_mir_api" name="test_admin_leads_with_token" time="0.171" /><testcase classname="backend.tests.test_mir_api" name="test_admin_stats_with_token" time="0.176" /></testsuite></testsuites>