<?xml version="1.0" encoding="utf-8"?><testsuites name="pytest tests"><testsuite name="pytest" errors="0" failures="0" skipped="0" tests="16" time="7.888" timestamp="2026-06-08T12:51:34.743110+00:00" hostname="agent-env-714d0ff5-a5e1-492b-b6d3-dcdd77efdaf7"><testcase classname="backend.tests.test_iteration11_payment_flow.TestStripeRemoved" name="test_checkout_endpoint_gone" time="2.124" /><testcase classname="backend.tests.test_iteration11_payment_flow.TestStripeRemoved" name="test_checkout_status_endpoint_gone" time="0.051" /><testcase classname="backend.tests.test_iteration11_payment_flow.TestStripeRemoved" name="test_stripe_webhook_gone" time="0.055" /><testcase classname="backend.tests.test_iteration11_payment_flow.TestSiteSettingsPaymentFields" name="test_public_site_settings_includes_payment_fields" time="0.049" /><testcase classname="backend.tests.test_iteration11_payment_flow.TestSiteSettingsPaymentFields" name="test_admin_can_persist_payment_fields" time="0.547" /><testcase classname="backend.tests.test_iteration11_payment_flow.TestConfirmPayment" name="test_confirm_payment_happy_path" time="0.266" /><testcase classname="backend.tests.test_iteration11_payment_flow.TestConfirmPayment" name="test_confirm_payment_invalid_method" time="0.118" /><testcase classname="backend.tests.test_iteration11_payment_flow.TestConfirmPayment" name="test_confirm_rejects_when_already_paid" time="0.281" /><testcase classname="backend.tests.test_iteration11_payment_flow.TestConfirmPayment" name="test_confirm_rejects_when_void" time="0.400" /><testcase classname="backend.tests.test_iteration11_payment_flow.TestMarkPaid" name="test_mark_paid_sets_status_and_idempotent" time="0.551" /><testcase classname="backend.tests.test_iteration11_payment_flow.TestMarkPaid" name="test_mark_paid_requires_auth" time="0.057" /><testcase classname="backend.tests.test_iteration11_payment_flow.TestMarkPaid" name="test_mark_paid_404_for_unknown" time="0.132" /><testcase classname="backend.tests.test_iteration11_payment_flow.TestPdfHowToPay" name="test_pdf_contains_how_to_pay" time="0.774" /><testcase classname="backend.tests.test_iteration11_payment_flow.TestPreExisting" name="test_invoice_list_admin" time="0.267" /><testcase classname="backend.tests.test_iteration11_payment_flow.TestPreExisting" name="test_send_invoice_endpoint_responds" time="1.530" /><testcase classname="backend.tests.test_iteration11_payment_flow.TestPreExisting" name="test_public_invoice_fetch" time="0.268" /></testsuite></testsuites>